PLINK v1.90b6.24 64-bit (6 Jun 2021)
Options in effect:
  --make-bed
  --out ./02_Results/01_PopStruct/02_Admixture/Bsaida.18531.540ind.final
  --tfam ./02_Results/01_PopStruct/02_Admixture/Bsaida.18531.540ind.final.tfam
  --tped ./02_Results/01_PopStruct/02_Admixture/Bsaida.18531.540ind.final.tped

Hostname: genyoda-Precision-7920-Tower
Working directory: /media/genyoda/Storage/Projets/Boreogadus_ddRADseq_2022
Start time: Wed Aug 23 01:37:03 2023

Random number seed: 1692769023
772648 MB RAM detected; reserving 386324 MB for main workspace.
Processing .tped file.
./02_Results/01_PopStruct/02_Admixture/Bsaida.18531.540ind.final-temporary.bed
+
./02_Results/01_PopStruct/02_Admixture/Bsaida.18531.540ind.final-temporary.bim
+
./02_Results/01_PopStruct/02_Admixture/Bsaida.18531.540ind.final-temporary.fam
written.
18531 variants loaded from .bim file.
540 people (0 males, 0 females, 540 ambiguous) loaded from .fam.
Ambiguous sex IDs written to
./02_Results/01_PopStruct/02_Admixture/Bsaida.18531.540ind.final.nosex .
Using 1 thread (no multithreaded calculations invoked).
Before main variant filters, 540 founders and 0 nonfounders present.
Calculating allele frequencies... done.
Total genotyping rate is 0.961535.
18531 variants and 540 people pass filters and QC.
Note: No phenotypes present.
--make-bed to
./02_Results/01_PopStruct/02_Admixture/Bsaida.18531.540ind.final.bed +
./02_Results/01_PopStruct/02_Admixture/Bsaida.18531.540ind.final.bim +
./02_Results/01_PopStruct/02_Admixture/Bsaida.18531.540ind.final.fam ... done.

End time: Wed Aug 23 01:37:03 2023
