

--cv /media/genyoda/Storage/Projets/Boreogadus_ddRADseq_2022/./02_Results/01_PopStruct/02_Admixture/Bsaida.18531.540ind.final.bed 2 -j8


****                   ADMIXTURE Version 1.3.0                  ****
****                    Copyright 2008-2015                     ****
****           David Alexander, Suyash Shringarpure,            ****
****                John  Novembre, Ken Lange                   ****
****                                                            ****
****                 Please cite our paper!                     ****
****   Information at www.genetics.ucla.edu/software/admixture  ****

Cross-validation will be performed.  Folds=5.
Parallel execution requested.  Will use 8 threads.
Random seed: 43
Point estimation method: Block relaxation algorithm
Convergence acceleration algorithm: QuasiNewton, 3 secant conditions
Point estimation will terminate when objective function delta < 0.0001
Estimation of standard errors disabled; will compute point estimates only.
Size of G: 540x18531
Performing five EM steps to prime main algorithm
1 (EM) 	Elapsed: 0.237	Loglikelihood: -9.30458e+06	(delta): 7.23285e+06
2 (EM) 	Elapsed: 0.231	Loglikelihood: -9.03394e+06	(delta): 270632
3 (EM) 	Elapsed: 0.232	Loglikelihood: -8.96188e+06	(delta): 72067.5
4 (EM) 	Elapsed: 0.231	Loglikelihood: -8.92794e+06	(delta): 33938.9
5 (EM) 	Elapsed: 0.235	Loglikelihood: -8.91069e+06	(delta): 17249.9
Initial loglikelihood: -8.91069e+06
Starting main algorithm
1 (QN/Block) 	Elapsed: 1.433	Loglikelihood: -8.86766e+06	(delta): 43030.4
2 (QN/Block) 	Elapsed: 1.44	Loglikelihood: -8.83246e+06	(delta): 35198.5
3 (QN/Block) 	Elapsed: 1.464	Loglikelihood: -8.82932e+06	(delta): 3142.68
4 (QN/Block) 	Elapsed: 1.494	Loglikelihood: -8.82658e+06	(delta): 2739.67
5 (QN/Block) 	Elapsed: 1.477	Loglikelihood: -8.82481e+06	(delta): 1761.58
6 (QN/Block) 	Elapsed: 1.457	Loglikelihood: -8.82437e+06	(delta): 444.507
7 (QN/Block) 	Elapsed: 1.49	Loglikelihood: -8.82425e+06	(delta): 123.402
8 (QN/Block) 	Elapsed: 1.467	Loglikelihood: -8.82414e+06	(delta): 105.733
9 (QN/Block) 	Elapsed: 1.461	Loglikelihood: -8.82408e+06	(delta): 56.9098
10 (QN/Block) 	Elapsed: 1.466	Loglikelihood: -8.82405e+06	(delta): 38.6128
11 (QN/Block) 	Elapsed: 1.467	Loglikelihood: -8.82402e+06	(delta): 23.4477
12 (QN/Block) 	Elapsed: 1.463	Loglikelihood: -8.82401e+06	(delta): 8.9791
13 (QN/Block) 	Elapsed: 1.457	Loglikelihood: -8.82401e+06	(delta): 3.27852
14 (QN/Block) 	Elapsed: 1.466	Loglikelihood: -8.82401e+06	(delta): 1.08869
15 (QN/Block) 	Elapsed: 1.47	Loglikelihood: -8.82401e+06	(delta): 0.335062
16 (QN/Block) 	Elapsed: 1.476	Loglikelihood: -8.82401e+06	(delta): 0.171274
17 (QN/Block) 	Elapsed: 1.477	Loglikelihood: -8.82401e+06	(delta): 0.0324328
18 (QN/Block) 	Elapsed: 1.475	Loglikelihood: -8.82401e+06	(delta): 0.00692236
19 (QN/Block) 	Elapsed: 1.464	Loglikelihood: -8.82401e+06	(delta): 0.000719525
20 (QN/Block) 	Elapsed: 1.468	Loglikelihood: -8.82401e+06	(delta): 0.000275861
21 (QN/Block) 	Elapsed: 1.473	Loglikelihood: -8.82401e+06	(delta): 4.12948e-05
Summary: 
Converged in 21 iterations (32.381 sec)
Loglikelihood: -8824007.826751
Fst divergences between estimated populations: 
	Pop0	
Pop0	
Pop1	0.055	
CV error (K=2): 0.51248
Writing output files.
