

--cv /media/genyoda/Storage/Projets/Boreogadus_ddRADseq_2022/./02_Results/01_PopStruct/02_Admixture/Bsaida.18531.540ind.final.bed 5 -j8


****                   ADMIXTURE Version 1.3.0                  ****
****                    Copyright 2008-2015                     ****
****           David Alexander, Suyash Shringarpure,            ****
****                John  Novembre, Ken Lange                   ****
****                                                            ****
****                 Please cite our paper!                     ****
****   Information at www.genetics.ucla.edu/software/admixture  ****

Cross-validation will be performed.  Folds=5.
Parallel execution requested.  Will use 8 threads.
Random seed: 43
Point estimation method: Block relaxation algorithm
Convergence acceleration algorithm: QuasiNewton, 3 secant conditions
Point estimation will terminate when objective function delta < 0.0001
Estimation of standard errors disabled; will compute point estimates only.
Size of G: 540x18531
Performing five EM steps to prime main algorithm
1 (EM) 	Elapsed: 0.787	Loglikelihood: -9.41126e+06	(delta): 5.22898e+06
2 (EM) 	Elapsed: 0.788	Loglikelihood: -9.11212e+06	(delta): 299140
3 (EM) 	Elapsed: 0.791	Loglikelihood: -9.03939e+06	(delta): 72731.5
4 (EM) 	Elapsed: 0.788	Loglikelihood: -8.99734e+06	(delta): 42049
5 (EM) 	Elapsed: 0.792	Loglikelihood: -8.96783e+06	(delta): 29510
Initial loglikelihood: -8.96783e+06
Starting main algorithm
1 (QN/Block) 	Elapsed: 2.653	Loglikelihood: -8.82252e+06	(delta): 145310
2 (QN/Block) 	Elapsed: 2.665	Loglikelihood: -8.73411e+06	(delta): 88404
3 (QN/Block) 	Elapsed: 2.718	Loglikelihood: -8.71711e+06	(delta): 17007.1
4 (QN/Block) 	Elapsed: 2.703	Loglikelihood: -8.71044e+06	(delta): 6669.18
5 (QN/Block) 	Elapsed: 2.721	Loglikelihood: -8.70782e+06	(delta): 2617.63
6 (QN/Block) 	Elapsed: 2.703	Loglikelihood: -8.70746e+06	(delta): 360.852
7 (QN/Block) 	Elapsed: 2.708	Loglikelihood: -8.70739e+06	(delta): 65.1925
8 (QN/Block) 	Elapsed: 2.705	Loglikelihood: -8.70737e+06	(delta): 20.5964
9 (QN/Block) 	Elapsed: 2.708	Loglikelihood: -8.70737e+06	(delta): 3.13187
10 (QN/Block) 	Elapsed: 2.56	Loglikelihood: -8.70737e+06	(delta): 1.11083
11 (QN/Block) 	Elapsed: 2.561	Loglikelihood: -8.70737e+06	(delta): 0.237001
12 (QN/Block) 	Elapsed: 2.587	Loglikelihood: -8.70737e+06	(delta): 0.129812
13 (QN/Block) 	Elapsed: 2.561	Loglikelihood: -8.70737e+06	(delta): 0.0226244
14 (QN/Block) 	Elapsed: 2.56	Loglikelihood: -8.70737e+06	(delta): 0.00377844
15 (QN/Block) 	Elapsed: 2.564	Loglikelihood: -8.70737e+06	(delta): 0.000298772
16 (QN/Block) 	Elapsed: 2.558	Loglikelihood: -8.70737e+06	(delta): 0.000137029
17 (QN/Block) 	Elapsed: 2.561	Loglikelihood: -8.70737e+06	(delta): 4.17996e-05
Summary: 
Converged in 17 iterations (49.259 sec)
Loglikelihood: -8707368.784758
Fst divergences between estimated populations: 
	Pop0	Pop1	Pop2	Pop3	
Pop0	
Pop1	0.078	
Pop2	0.083	0.048	
Pop3	0.078	0.024	0.052	
Pop4	0.076	0.064	0.061	0.064	
CV error (K=5): 0.50745
Writing output files.
