

--cv /media/genyoda/Storage/Projets/Boreogadus_ddRADseq_2022/./02_Results/01_PopStruct/02_Admixture/Bsaida.18531.540ind.final.bed 6 -j8


****                   ADMIXTURE Version 1.3.0                  ****
****                    Copyright 2008-2015                     ****
****           David Alexander, Suyash Shringarpure,            ****
****                John  Novembre, Ken Lange                   ****
****                                                            ****
****                 Please cite our paper!                     ****
****   Information at www.genetics.ucla.edu/software/admixture  ****

Cross-validation will be performed.  Folds=5.
Parallel execution requested.  Will use 8 threads.
Random seed: 43
Point estimation method: Block relaxation algorithm
Convergence acceleration algorithm: QuasiNewton, 3 secant conditions
Point estimation will terminate when objective function delta < 0.0001
Estimation of standard errors disabled; will compute point estimates only.
Size of G: 540x18531
Performing five EM steps to prime main algorithm
1 (EM) 	Elapsed: 0.924	Loglikelihood: -9.40225e+06	(delta): 5.03632e+06
2 (EM) 	Elapsed: 0.93	Loglikelihood: -9.10428e+06	(delta): 297967
3 (EM) 	Elapsed: 0.925	Loglikelihood: -9.03678e+06	(delta): 67499.6
4 (EM) 	Elapsed: 0.928	Loglikelihood: -8.99784e+06	(delta): 38946.6
5 (EM) 	Elapsed: 0.924	Loglikelihood: -8.96976e+06	(delta): 28077.3
Initial loglikelihood: -8.96976e+06
Starting main algorithm
1 (QN/Block) 	Elapsed: 3.106	Loglikelihood: -8.78793e+06	(delta): 181825
2 (QN/Block) 	Elapsed: 3.109	Loglikelihood: -8.72309e+06	(delta): 64841.6
3 (QN/Block) 	Elapsed: 3.163	Loglikelihood: -8.70503e+06	(delta): 18067.1
4 (QN/Block) 	Elapsed: 3.19	Loglikelihood: -8.69637e+06	(delta): 8660.02
5 (QN/Block) 	Elapsed: 3.193	Loglikelihood: -8.69346e+06	(delta): 2900.68
6 (QN/Block) 	Elapsed: 3.183	Loglikelihood: -8.69069e+06	(delta): 2773.99
7 (QN/Block) 	Elapsed: 3.204	Loglikelihood: -8.68875e+06	(delta): 1944.7
8 (QN/Block) 	Elapsed: 3.176	Loglikelihood: -8.68763e+06	(delta): 1114.9
9 (QN/Block) 	Elapsed: 3.175	Loglikelihood: -8.68714e+06	(delta): 494.653
10 (QN/Block) 	Elapsed: 3.18	Loglikelihood: -8.68674e+06	(delta): 399.87
11 (QN/Block) 	Elapsed: 3.165	Loglikelihood: -8.68644e+06	(delta): 292.918
12 (QN/Block) 	Elapsed: 3.166	Loglikelihood: -8.68632e+06	(delta): 124.133
13 (QN/Block) 	Elapsed: 3.168	Loglikelihood: -8.68624e+06	(delta): 83.3531
14 (QN/Block) 	Elapsed: 3.162	Loglikelihood: -8.68619e+06	(delta): 46.5522
15 (QN/Block) 	Elapsed: 3.163	Loglikelihood: -8.68616e+06	(delta): 34.5316
16 (QN/Block) 	Elapsed: 3.165	Loglikelihood: -8.68614e+06	(delta): 18.2453
17 (QN/Block) 	Elapsed: 3.165	Loglikelihood: -8.68613e+06	(delta): 11.9395
18 (QN/Block) 	Elapsed: 3.16	Loglikelihood: -8.68612e+06	(delta): 7.15002
19 (QN/Block) 	Elapsed: 3.16	Loglikelihood: -8.68611e+06	(delta): 3.0933
20 (QN/Block) 	Elapsed: 3.156	Loglikelihood: -8.68611e+06	(delta): 2.35297
21 (QN/Block) 	Elapsed: 3.164	Loglikelihood: -8.68611e+06	(delta): 0.438595
22 (QN/Block) 	Elapsed: 3.161	Loglikelihood: -8.68611e+06	(delta): 0.0927956
23 (QN/Block) 	Elapsed: 3.164	Loglikelihood: -8.68611e+06	(delta): 0.0219115
24 (QN/Block) 	Elapsed: 3.16	Loglikelihood: -8.68611e+06	(delta): 0.00790176
25 (QN/Block) 	Elapsed: 3.168	Loglikelihood: -8.68611e+06	(delta): 0.00136707
26 (QN/Block) 	Elapsed: 3.16	Loglikelihood: -8.68611e+06	(delta): 0.000284523
27 (QN/Block) 	Elapsed: 3.162	Loglikelihood: -8.68611e+06	(delta): 5.26328e-05
Summary: 
Converged in 27 iterations (90.756 sec)
Loglikelihood: -8686111.931110
Fst divergences between estimated populations: 
	Pop0	Pop1	Pop2	Pop3	Pop4	
Pop0	
Pop1	0.099	
Pop2	0.081	0.087	
Pop3	0.086	0.089	0.055	
Pop4	0.082	0.087	0.028	0.053	
Pop5	0.081	0.083	0.061	0.060	0.063	
CV error (K=6): 0.50759
Writing output files.
