

--cv /media/genyoda/Storage/Projets/Boreogadus_ddRADseq_2022/./02_Results/01_PopStruct/02_Admixture/Bsaida.18531.540ind.final.bed 8 -j8


****                   ADMIXTURE Version 1.3.0                  ****
****                    Copyright 2008-2015                     ****
****           David Alexander, Suyash Shringarpure,            ****
****                John  Novembre, Ken Lange                   ****
****                                                            ****
****                 Please cite our paper!                     ****
****   Information at www.genetics.ucla.edu/software/admixture  ****

Cross-validation will be performed.  Folds=5.
Parallel execution requested.  Will use 8 threads.
Random seed: 43
Point estimation method: Block relaxation algorithm
Convergence acceleration algorithm: QuasiNewton, 3 secant conditions
Point estimation will terminate when objective function delta < 0.0001
Estimation of standard errors disabled; will compute point estimates only.
Size of G: 540x18531
Performing five EM steps to prime main algorithm
1 (EM) 	Elapsed: 1.285	Loglikelihood: -9.3801e+06	(delta): 4.79445e+06
2 (EM) 	Elapsed: 1.276	Loglikelihood: -9.08659e+06	(delta): 293503
3 (EM) 	Elapsed: 1.275	Loglikelihood: -9.02745e+06	(delta): 59143.9
4 (EM) 	Elapsed: 1.281	Loglikelihood: -8.99351e+06	(delta): 33939
5 (EM) 	Elapsed: 1.276	Loglikelihood: -8.96814e+06	(delta): 25368.6
Initial loglikelihood: -8.96814e+06
Starting main algorithm
1 (QN/Block) 	Elapsed: 3.604	Loglikelihood: -8.76011e+06	(delta): 208028
2 (QN/Block) 	Elapsed: 3.594	Loglikelihood: -8.69473e+06	(delta): 65387
3 (QN/Block) 	Elapsed: 3.657	Loglikelihood: -8.67281e+06	(delta): 21921.5
4 (QN/Block) 	Elapsed: 3.689	Loglikelihood: -8.66156e+06	(delta): 11250.7
5 (QN/Block) 	Elapsed: 3.68	Loglikelihood: -8.6583e+06	(delta): 3259.12
6 (QN/Block) 	Elapsed: 3.655	Loglikelihood: -8.65589e+06	(delta): 2409.12
7 (QN/Block) 	Elapsed: 3.691	Loglikelihood: -8.65479e+06	(delta): 1098.39
8 (QN/Block) 	Elapsed: 3.691	Loglikelihood: -8.65404e+06	(delta): 746.236
9 (QN/Block) 	Elapsed: 3.644	Loglikelihood: -8.6534e+06	(delta): 639.135
10 (QN/Block) 	Elapsed: 3.653	Loglikelihood: -8.65266e+06	(delta): 743.567
11 (QN/Block) 	Elapsed: 3.659	Loglikelihood: -8.65216e+06	(delta): 496.779
12 (QN/Block) 	Elapsed: 3.668	Loglikelihood: -8.65182e+06	(delta): 338.645
13 (QN/Block) 	Elapsed: 3.647	Loglikelihood: -8.65145e+06	(delta): 369.903
14 (QN/Block) 	Elapsed: 3.65	Loglikelihood: -8.65105e+06	(delta): 401.405
15 (QN/Block) 	Elapsed: 3.656	Loglikelihood: -8.65075e+06	(delta): 299.387
16 (QN/Block) 	Elapsed: 3.665	Loglikelihood: -8.65059e+06	(delta): 159.402
17 (QN/Block) 	Elapsed: 3.636	Loglikelihood: -8.65038e+06	(delta): 213.773
18 (QN/Block) 	Elapsed: 3.642	Loglikelihood: -8.65024e+06	(delta): 145.129
19 (QN/Block) 	Elapsed: 3.653	Loglikelihood: -8.65015e+06	(delta): 83.6513
20 (QN/Block) 	Elapsed: 3.67	Loglikelihood: -8.65005e+06	(delta): 102.3
21 (QN/Block) 	Elapsed: 3.651	Loglikelihood: -8.64998e+06	(delta): 71.9991
22 (QN/Block) 	Elapsed: 3.671	Loglikelihood: -8.64993e+06	(delta): 44.76
23 (QN/Block) 	Elapsed: 3.646	Loglikelihood: -8.6499e+06	(delta): 35.756
24 (QN/Block) 	Elapsed: 3.643	Loglikelihood: -8.64986e+06	(delta): 35.8317
25 (QN/Block) 	Elapsed: 3.647	Loglikelihood: -8.64985e+06	(delta): 13.0718
26 (QN/Block) 	Elapsed: 3.644	Loglikelihood: -8.64984e+06	(delta): 6.26267
27 (QN/Block) 	Elapsed: 3.633	Loglikelihood: -8.64984e+06	(delta): 2.63055
28 (QN/Block) 	Elapsed: 3.644	Loglikelihood: -8.64984e+06	(delta): 2.57047
29 (QN/Block) 	Elapsed: 3.652	Loglikelihood: -8.64984e+06	(delta): 0.525433
30 (QN/Block) 	Elapsed: 3.648	Loglikelihood: -8.64984e+06	(delta): 0.199488
31 (QN/Block) 	Elapsed: 3.636	Loglikelihood: -8.64984e+06	(delta): 0.100606
32 (QN/Block) 	Elapsed: 3.655	Loglikelihood: -8.64984e+06	(delta): 0.0249574
33 (QN/Block) 	Elapsed: 3.655	Loglikelihood: -8.64984e+06	(delta): 0.0137836
34 (QN/Block) 	Elapsed: 3.641	Loglikelihood: -8.64984e+06	(delta): 0.00543356
35 (QN/Block) 	Elapsed: 3.656	Loglikelihood: -8.64984e+06	(delta): 0.0016704
36 (QN/Block) 	Elapsed: 3.645	Loglikelihood: -8.64984e+06	(delta): 0.0010411
37 (QN/Block) 	Elapsed: 3.638	Loglikelihood: -8.64984e+06	(delta): 0.00033891
38 (QN/Block) 	Elapsed: 3.646	Loglikelihood: -8.64984e+06	(delta): 0.00015137
39 (QN/Block) 	Elapsed: 3.658	Loglikelihood: -8.64984e+06	(delta): 0.000146231
40 (QN/Block) 	Elapsed: 3.634	Loglikelihood: -8.64984e+06	(delta): 2.68985e-05
Summary: 
Converged in 40 iterations (153.303 sec)
Loglikelihood: -8649835.354413
Fst divergences between estimated populations: 
	Pop0	Pop1	Pop2	Pop3	Pop4	Pop5	Pop6	
Pop0	
Pop1	0.077	
Pop2	0.064	0.064	
Pop3	0.060	0.057	0.037	
Pop4	0.088	0.072	0.077	0.072	
Pop5	0.101	0.093	0.093	0.088	0.088	
Pop6	0.080	0.083	0.065	0.068	0.085	0.106	
Pop7	0.119	0.094	0.098	0.093	0.092	0.105	0.110	
CV error (K=8): 0.50888
Writing output files.
