STEP1 - REMOVE ILLUMINA ADAPTORS

-jar /home/genyoda/Documents/Programs/Trimmomatic-0.39/trimmomatic-0.39.jar PE -threads 4 ./00_Data/01_Raw/NS.2050.002.B724---D502.Pradseq_2022_005_R1.fastq.gz ./00_Data/01_Raw/NS.2050.002.B724---D502.Pradseq_2022_005_R2.fastq.gz -baseout ./00_Data/02_Trimmomatic/NS.2050.002.B724---D502.Pradseq_2022_005.fastq.gz ILLUMINACLIP:00_Data/00_FileInfos/adapters/Trcd 00uSeq3-PE-2.fa:2:30:10:8:TRUE

TrimmomaticPE: Started with arguments:

 -threads 4 ./00_Data/01_Raw/NS.2050.002.B724---D502.Pradseq_2022_005_R1.fastq.gz ./00_Data/01_Raw/NS.2050.002.B724---D502.Pradseq_2022_005_R2.fastq.gz -baseout ./00_Data/02_Trimmomatic/NS.2050.002.B724---D502.Pradseq_2022_005.fastq.gz ILLUMINACLIP:00_Data/00_FileInfos/adapters/Trcd 00uSeq3-PE-2.fa:2:30:10:8:TRUE

Using templated Output files: ./00_Data/02_Trimmomatic/NS.2050.002.B724---D502.Pradseq_2022_005_1P.fastq.gz ./00_Data/02_Trimmomatic/NS.2050.002.B724---D502.Pradseq_2022_005_1U.fastq.gz ./00_Data/02_Trimmomatic/NS.2050.002.B724---D502.Pradseq_2022_005_2P.fastq.gz ./00_Data/02_Trimmomatic/NS.2050.002.B724---D502.Pradseq_2022_005_2U.fastq.gz

Exception in thread "main" java.lang.ArrayIndexOutOfBoundsException: Index 1 out of bounds for length 1

	at org.usadellab.trimmomatic.trim.IlluminaClippingTrimmer.makeIlluminaClippingTrimmer(IlluminaClippingTrimmer.java:54)

	at org.usadellab.trimmomatic.trim.TrimmerFactory.makeTrimmer(TrimmerFactory.java:32)

	at org.usadellab.trimmomatic.Trimmomatic.createTrimmers(Trimmomatic.java:59)

	at org.usadellab.trimmomatic.TrimmomaticPE.run(TrimmomaticPE.java:552)

	at org.usadellab.trimmomatic.Trimmomatic.main(Trimmomatic.java:80)
STEP1 - REMOVE ILLUMINA ADAPTORS

-jar /home/genyoda/Documents/Programs/Trimmomatic-0.39/trimmomatic-0.39.jar PE -threads 4 ./00_Data/01_Raw/NS.2050.002.B724---D502.Pradseq_2022_005_R1.fastq.gz ./00_Data/01_Raw/NS.2050.002.B724---D502.Pradseq_2022_005_R2.fastq.gz -baseout ./00_Data/02_Trimmomatic/NS.2050.002.B724---D502.Pradseq_2022_005.fastq.gz ILLUMINACLIP:00_Data/00_FileInfos/adapters/TruSeq3-PE-2.fa:2:30:10:8:TRUE

TrimmomaticPE: Started with arguments:

 -threads 4 ./00_Data/01_Raw/NS.2050.002.B724---D502.Pradseq_2022_005_R1.fastq.gz ./00_Data/01_Raw/NS.2050.002.B724---D502.Pradseq_2022_005_R2.fastq.gz -baseout ./00_Data/02_Trimmomatic/NS.2050.002.B724---D502.Pradseq_2022_005.fastq.gz ILLUMINACLIP:00_Data/00_FileInfos/adapters/TruSeq3-PE-2.fa:2:30:10:8:TRUE

Using templated Output files: ./00_Data/02_Trimmomatic/NS.2050.002.B724---D502.Pradseq_2022_005_1P.fastq.gz ./00_Data/02_Trimmomatic/NS.2050.002.B724---D502.Pradseq_2022_005_1U.fastq.gz ./00_Data/02_Trimmomatic/NS.2050.002.B724---D502.Pradseq_2022_005_2P.fastq.gz ./00_Data/02_Trimmomatic/NS.2050.002.B724---D502.Pradseq_2022_005_2U.fastq.gz

Using PrefixPair: 'TACACTCTTTCCCTACACGACGCTCTTCCGATCT' and 'GTGACTGGAGTTCAGACGTGTGCTCTTCCGATCT'

Using Long Clipping Sequence: 'AGATCGGAAGAGCGTCGTGTAGGGAAAGAGTGTA'

Using Long Clipping Sequence: 'AGATCGGAAGAGCACACGTCTGAACTCCAGTCAC'

Using Long Clipping Sequence: 'GTGACTGGAGTTCAGACGTGTGCTCTTCCGATCT'

Using Long Clipping Sequence: 'TACACTCTTTCCCTACACGACGCTCTTCCGATCT'

ILLUMINACLIP: Using 1 prefix pairs, 4 forward/reverse sequences, 0 forward only sequences, 0 reverse only sequences

Quality encoding detected as phred33

Input Read Pairs: 487754718 Both Surviving: 487683064 (99,99%) Forward Only Surviving: 66274 (0,01%) Reverse Only Surviving: 5164 (0,00%) Dropped: 216 (0,00%)

TrimmomaticPE: Completed successfully
