

--vcf /media/genyoda/Storage/Projets/Boreogadus_ddRADseq_2022/./00_Data/06b_Filtering.ref/A_ALL_samples/04_DP/populations.169464snps.553ind.H06.all.recode.vcf --recode --indv S_22_00001 --indv S_22_00002 --indv S_22_00003 --indv S_22_00004 --indv S_22_00005 --indv S_22_00006 --indv S_22_00007 --indv S_22_00008 --indv S_22_00009 --indv S_22_00010 --indv S_22_00011 --indv S_22_00012 --indv S_22_00014 --indv S_22_00015 --indv S_22_00016 --indv S_22_00017 --indv S_22_00018 --indv S_22_00019 --indv S_22_00020 --indv S_22_00021 --indv S_22_00024 --indv S_22_00025 --indv S_22_00026 --indv S_22_00027 --indv S_22_00028 --indv S_22_00029 --indv S_22_00030 --indv S_22_00031 --indv S_22_00032 --indv S_22_00033 --indv S_22_00034 --indv S_22_00035 --indv S_22_00036 --indv S_22_00037 --indv S_22_00038 --indv S_22_00039 --indv S_22_00040 --indv S_22_00041 --indv S_22_00042 --indv S_22_00043 --indv S_22_00044 --indv S_22_00045 --indv S_22_00046 --indv S_22_00048 --indv S_22_00049 --indv S_22_00050 --indv S_22_00051 --indv S_22_00052 --indv S_22_00053 --indv S_22_00055 --indv S_22_00059 --indv S_22_00060 --indv S_22_00061 --indv S_22_00062 --indv S_22_00063 --indv S_22_00064 --indv S_22_00065 --indv S_22_00066 --indv S_22_00067 --indv S_22_00068 --indv S_22_00069 --indv S_22_00070 --indv S_22_00071 --indv S_22_00072 --indv S_22_00073 --indv S_22_00074 --indv S_22_00075 --indv S_22_00076 --indv S_22_00077 --indv S_22_00078 --indv S_22_00079 --indv S_22_00080 --indv S_22_00081 --indv S_22_00082 --indv S_22_00083 --indv S_22_00084 --indv S_22_00085 --indv S_22_00086 --indv S_22_00088 --indv S_22_00089 --indv S_22_00090 --indv S_22_00091 --indv S_22_00092 --indv S_22_00093 --indv S_22_00094 --indv S_22_00095 --indv S_22_00099 --indv S_22_00100 --indv S_22_00101 --indv S_22_00102 --indv S_22_00105 --indv S_22_00107 --indv S_22_00108 --indv S_22_00109 --indv S_22_00110 --indv S_22_00112 --indv S_22_00113 --indv S_22_00115 --indv S_22_00116 --indv S_22_00117 --indv S_22_00118 --indv S_22_00119 --indv S_22_00120 --indv S_22_00121 --indv S_22_00122 --indv S_22_00123 --indv S_22_00124 --indv S_22_00125 --indv S_22_00126 --indv S_22_00127 --indv S_22_00128 --indv S_22_00129 --indv S_22_00130 --indv S_22_00131 --indv S_22_00132 --indv S_22_00133 --indv S_22_00134 --indv S_22_00135 --indv S_22_00136 --indv S_22_00137 --indv S_22_00138 --indv S_22_00139 --indv S_22_00140 --indv S_22_00141 --indv S_22_00142 --indv S_22_00143 --indv S_22_00144 --indv S_22_00145 --indv S_22_00146 --indv S_22_00148 --indv S_22_00149_rep --indv S_22_00150 --indv S_22_00151 --indv S_22_00161 --indv S_22_00162 --indv S_22_00163 --indv S_22_00164 --indv S_22_00165 --indv S_22_00168 --indv S_22_00169 --indv S_22_00170 --indv S_22_00171 --indv S_22_00174 --indv S_22_00175 --indv S_22_00176 --indv S_22_00178 --indv S_22_00179 --indv S_22_00180 --indv S_22_00181 --indv S_22_00183 --indv S_22_00185 --indv S_22_00186 --indv S_22_00187 --indv S_22_00188 --indv S_22_00189 --indv S_22_00190 --indv S_22_00191 --indv S_22_00192 --indv S_22_00193 --indv S_22_00194 --indv S_22_00195 --indv S_22_00196 --indv S_22_00197 --indv S_22_00198 --indv S_22_00199 --indv S_22_00200 --indv S_22_00202 --indv S_22_00203 --indv S_22_00205 --indv S_22_00206 --indv S_22_00207 --indv S_22_00209 --indv S_22_00210 --indv S_22_00211 --indv S_22_00212 --indv S_22_00213 --indv S_22_00214 --indv S_22_00215 --indv S_22_00216 --indv S_22_00217 --indv S_22_00218 --indv S_22_00219 --indv S_22_00220 --indv S_22_00221 --indv S_22_00222 --indv S_22_00223 --indv S_22_00224 --indv S_22_00225 --indv S_22_00226 --indv S_22_00227 --indv S_22_00229 --indv S_22_00230 --indv S_22_00231 --indv S_22_00232 --indv S_22_00233 --indv S_22_00234 --indv S_22_00235 --indv S_22_00237 --indv S_22_00238 --indv S_22_00239 --indv S_22_00240 --indv S_22_00242 --indv S_22_00243 --indv S_22_00246 --indv S_22_00247 --indv S_22_00248 --indv S_22_00249 --indv S_22_00250 --indv S_22_00251 --indv S_22_00252 --indv S_22_00253 --indv S_22_00254 --indv S_22_00258 --indv S_22_00261 --indv S_22_00263 --indv S_22_00272 --indv S_22_00273 --indv S_22_00274 --indv S_22_00275 --indv S_22_00276 --indv S_22_00278 --indv S_22_00279 --indv S_22_00280 --indv S_22_00286 --indv S_22_00289 --indv S_22_00297 --indv S_22_00298 --indv S_22_00300 --indv S_22_00301 --indv S_22_00302 --indv S_22_07665 --indv S_22_07670 --indv S_22_07675 --indv S_22_07680 --indv S_22_07683 --indv S_22_07685 --indv S_22_07687 --indv S_22_07689 --indv S_22_07690 --indv S_22_07691 --indv S_22_07692 --indv S_22_07694 --indv S_22_07695 --indv S_22_07696 --indv S_22_07697 --indv S_22_07698 --indv S_22_07700 --indv S_22_07701 --indv S_22_07703 --indv S_22_07705 --indv S_22_07706 --indv S_22_07707 --indv S_22_07708 --indv S_22_07711 --indv S_22_07712 --indv S_22_07714 --indv S_22_08006 --indv S_22_08008 --indv S_22_08009 --indv S_22_08011 --indv S_22_08013 --indv S_22_08015 --indv S_22_08016 --indv S_22_08020 --indv S_22_08021 --indv S_22_08022 --indv S_22_08023 --indv S_22_08025 --indv S_22_08029 --indv S_22_08030 --indv S_22_08031 --indv S_22_08032 --indv S_22_08033 --indv S_22_08035 --indv S_22_08036 --indv S_22_08037 --indv S_22_08038 --indv S_22_08039 --indv S_22_08041 --indv S_22_08042 --indv S_22_08043 --indv S_22_08044 --indv S_22_08045 --indv S_22_08046 --indv S_22_08047 --indv S_22_08048 --indv S_22_08049 --indv S_22_08050 --indv S_22_08052 --indv S_22_08053 --indv S_22_08054 --indv S_22_08055 --indv S_22_08056 --indv S_22_08059 --indv S_22_08060 --indv S_22_08061 --indv S_22_08062 --indv S_22_08067 --indv S_22_08068 --indv S_22_08069 --indv S_22_08070 --indv S_22_08071 --indv S_22_08074 --indv S_22_08075 --indv S_22_08076 --indv S_22_08077 --indv S_22_08078 --indv S_22_08079 --indv S_22_08080 --indv S_22_08081 --indv S_22_08082 --indv S_22_08083 --indv S_22_08084 --indv S_22_08085 --indv S_22_08087 --indv S_22_08088 --indv S_22_08089 --indv S_22_08090 --indv S_22_08098 --indv S_22_08099 --indv S_22_08100 --indv S_22_08101 --indv S_22_08103 --indv S_22_08104 --indv S_22_08105 --indv S_22_08106 --indv S_22_08108 --indv S_22_08109 --indv S_22_08110 --indv S_22_08111 --indv S_22_08115 --indv S_22_08116 --indv S_22_08117 --indv S_22_08118 --indv S_22_08120 --indv S_22_08121 --indv S_22_08122 --indv S_22_08124 --indv S_22_08137 --indv S_22_08138 --indv S_22_08139 --indv S_22_08140 --indv S_22_08142 --indv S_22_08143 --indv S_22_08147 --indv S_22_08149 --indv S_22_08150 --indv S_22_08151 --indv S_22_08154 --indv S_22_08155 --indv S_22_08157 --indv S_22_08158 --indv S_22_08161 --indv S_22_08162 --indv S_22_08163 --indv S_22_08280 --indv S_22_08281 --indv S_22_08282 --indv S_22_08283 --indv S_22_08284 --indv S_22_08286 --indv S_22_08287 --indv S_22_08288 --indv S_22_08289 --indv S_22_08290 --indv S_22_08291 --indv S_22_08292 --indv S_22_08295 --indv S_22_08298 --indv S_22_08301 --indv S_22_08302 --indv S_22_08305 --indv S_22_08306 --indv S_22_08308 --indv S_22_08309 --indv S_22_08311 --indv S_22_08313 --indv S_22_08314 --indv S_22_08315 --indv S_22_08318 --indv S_22_08319 --indv S_22_08322 --indv S_22_08323 --indv S_22_08324 --indv S_22_08326 --indv S_22_08327 --indv S_22_08328 --indv S_22_08330 --indv S_22_08345 --indv S_22_08346 --indv S_22_08349 --indv S_22_08376 --indv S_22_09200 --indv S_22_09201 --indv S_22_09202 --indv S_22_09203 --indv S_22_09205 --indv S_22_09206 --indv S_22_09207 --indv S_22_09208 --indv S_22_09209 --indv S_22_09210 --indv S_22_09211 --indv S_22_09212 --indv S_22_09213 --indv S_22_09214 --indv S_22_09215 --indv S_22_09216 --indv S_22_09217 --indv S_22_09218 --indv S_22_09219 --indv S_22_09221 --indv S_22_09222 --indv S_22_09225 --indv S_22_09226 --indv S_22_09227 --indv S_22_09228 --indv S_22_09229 --indv S_22_09230 --indv S_22_09231 --indv S_22_09232 --indv S_22_09233 --indv S_22_09234 --indv S_22_09235 --indv S_22_09236 --indv S_22_09237 --indv S_22_09238 --indv S_22_09239 --indv S_22_09240 --indv S_22_09242 --indv S_22_09243 --indv S_22_09244 --indv S_22_09245 --indv S_22_09246 --indv S_22_09247 --indv S_22_09248 --indv S_22_09249 --indv S_22_09250 --indv S_22_09251 --indv S_22_09252 --indv S_22_09253 --indv S_22_09254 --indv S_22_09255 --indv S_22_09262 --indv S_22_09263 --indv S_22_09264 --indv S_22_09265 --indv S_22_09272 --indv S_22_09273 --indv S_22_09274 --indv S_22_09275 --indv S_22_09279 --indv S_22_09280 --indv S_22_09281 --indv S_22_09282 --indv S_22_09283 --indv S_22_09285 --indv S_22_09286 --indv S_22_09287 --indv S_22_09294 --indv S_22_09295 --indv S_22_09296 --indv S_22_09297 --indv S_22_09303 --indv S_22_09304 --indv S_22_09305 --indv S_22_09306 --indv S_22_09307 --indv S_22_09318 --indv S_22_09320 --indv S_22_09322 --indv S_22_09323 --indv S_22_09324 --indv S_22_09325 --indv S_22_09326 --indv S_22_09327 --indv S_22_09333 --indv S_22_09334 --indv S_22_09335 --indv S_22_09336 --indv S_22_09337 --indv S_22_09342 --indv S_22_09343 --indv S_22_09344 --indv S_22_09345 --indv S_22_09352 --indv S_22_09353 --indv S_22_09354 --indv S_22_09362 --indv S_22_09363 --indv S_22_09364 --indv S_22_09366 --indv S_22_09367 --indv S_22_09368 --indv S_22_09376 --indv S_22_09377 --indv S_22_09378 --indv S_22_09386 --indv S_22_09387 --indv S_22_09388 --indv S_22_09391 --indv S_22_09400 --indv S_22_09401 --indv S_22_09402 --indv S_22_09403 --indv S_22_09409 --indv S_22_09410_rep --indv S_22_09411 --indv S_22_09412 --indv S_22_09413 --indv S_22_09419 --indv S_22_09421 --indv S_22_09422 --indv S_22_09423 --indv S_22_09427 --indv S_22_09428 --indv S_22_09430 --indv S_22_09434 --indv S_22_09436 --indv S_22_09440 --indv S_22_09444 --indv S_22_09447 --indv S_22_09452 --indv S_22_09453 --indv S_22_09454 --indv S_22_09611 --indv S_22_09612 --indv S_22_09613 --indv S_22_09614 --indv S_22_09615 --indv S_22_09616 --indv S_22_09617 --indv S_22_09618 --indv S_22_09619 --indv S_22_09620 --indv S_22_09621 --indv S_22_09622 --indv S_22_09623 --indv S_22_09624 --indv S_22_09625 --out /media/genyoda/Storage/Projets/Boreogadus_ddRADseq_2022/./00_Data/06b_Filtering.ref/A_ALL_samples/04_DP/populations.169464snps.540ind.H06.all



VCFtools - 0.1.16
(C) Adam Auton and Anthony Marcketta 2009

Parameters as interpreted:
	--vcf /media/genyoda/Storage/Projets/Boreogadus_ddRADseq_2022/./00_Data/06b_Filtering.ref/A_ALL_samples/04_DP/populations.169464snps.553ind.H06.all.recode.vcf
	--out /media/genyoda/Storage/Projets/Boreogadus_ddRADseq_2022/./00_Data/06b_Filtering.ref/A_ALL_samples/04_DP/populations.169464snps.540ind.H06.all
	--recode
	--indv S_22_00001
	--indv S_22_00002
	--indv S_22_00003
	--indv S_22_00004
	--indv S_22_00005
	--indv S_22_00006
	--indv S_22_00007
	--indv S_22_00008
	--indv S_22_00009
	--indv S_22_00010
	--indv S_22_00011
	--indv S_22_00012
	--indv S_22_00014
	--indv S_22_00015
	--indv S_22_00016
	--indv S_22_00017
	--indv S_22_00018
	--indv S_22_00019
	--indv S_22_00020
	--indv S_22_00021
	--indv S_22_00024
	--indv S_22_00025
	--indv S_22_00026
	--indv S_22_00027
	--indv S_22_00028
	--indv S_22_00029
	--indv S_22_00030
	--indv S_22_00031
	--indv S_22_00032
	--indv S_22_00033
	--indv S_22_00034
	--indv S_22_00035
	--indv S_22_00036
	--indv S_22_00037
	--indv S_22_00038
	--indv S_22_00039
	--indv S_22_00040
	--indv S_22_00041
	--indv S_22_00042
	--indv S_22_00043
	--indv S_22_00044
	--indv S_22_00045
	--indv S_22_00046
	--indv S_22_00048
	--indv S_22_00049
	--indv S_22_00050
	--indv S_22_00051
	--indv S_22_00052
	--indv S_22_00053
	--indv S_22_00055
	--indv S_22_00059
	--indv S_22_00060
	--indv S_22_00061
	--indv S_22_00062
	--indv S_22_00063
	--indv S_22_00064
	--indv S_22_00065
	--indv S_22_00066
	--indv S_22_00067
	--indv S_22_00068
	--indv S_22_00069
	--indv S_22_00070
	--indv S_22_00071
	--indv S_22_00072
	--indv S_22_00073
	--indv S_22_00074
	--indv S_22_00075
	--indv S_22_00076
	--indv S_22_00077
	--indv S_22_00078
	--indv S_22_00079
	--indv S_22_00080
	--indv S_22_00081
	--indv S_22_00082
	--indv S_22_00083
	--indv S_22_00084
	--indv S_22_00085
	--indv S_22_00086
	--indv S_22_00088
	--indv S_22_00089
	--indv S_22_00090
	--indv S_22_00091
	--indv S_22_00092
	--indv S_22_00093
	--indv S_22_00094
	--indv S_22_00095
	--indv S_22_00099
	--indv S_22_00100
	--indv S_22_00101
	--indv S_22_00102
	--indv S_22_00105
	--indv S_22_00107
	--indv S_22_00108
	--indv S_22_00109
	--indv S_22_00110
	--indv S_22_00112
	--indv S_22_00113
	--indv S_22_00115
	--indv S_22_00116
	--indv S_22_00117
	--indv S_22_00118
	--indv S_22_00119
	--indv S_22_00120
	--indv S_22_00121
	--indv S_22_00122
	--indv S_22_00123
	--indv S_22_00124
	--indv S_22_00125
	--indv S_22_00126
	--indv S_22_00127
	--indv S_22_00128
	--indv S_22_00129
	--indv S_22_00130
	--indv S_22_00131
	--indv S_22_00132
	--indv S_22_00133
	--indv S_22_00134
	--indv S_22_00135
	--indv S_22_00136
	--indv S_22_00137
	--indv S_22_00138
	--indv S_22_00139
	--indv S_22_00140
	--indv S_22_00141
	--indv S_22_00142
	--indv S_22_00143
	--indv S_22_00144
	--indv S_22_00145
	--indv S_22_00146
	--indv S_22_00148
	--indv S_22_00149_rep
	--indv S_22_00150
	--indv S_22_00151
	--indv S_22_00161
	--indv S_22_00162
	--indv S_22_00163
	--indv S_22_00164
	--indv S_22_00165
	--indv S_22_00168
	--indv S_22_00169
	--indv S_22_00170
	--indv S_22_00171
	--indv S_22_00174
	--indv S_22_00175
	--indv S_22_00176
	--indv S_22_00178
	--indv S_22_00179
	--indv S_22_00180
	--indv S_22_00181
	--indv S_22_00183
	--indv S_22_00185
	--indv S_22_00186
	--indv S_22_00187
	--indv S_22_00188
	--indv S_22_00189
	--indv S_22_00190
	--indv S_22_00191
	--indv S_22_00192
	--indv S_22_00193
	--indv S_22_00194
	--indv S_22_00195
	--indv S_22_00196
	--indv S_22_00197
	--indv S_22_00198
	--indv S_22_00199
	--indv S_22_00200
	--indv S_22_00202
	--indv S_22_00203
	--indv S_22_00205
	--indv S_22_00206
	--indv S_22_00207
	--indv S_22_00209
	--indv S_22_00210
	--indv S_22_00211
	--indv S_22_00212
	--indv S_22_00213
	--indv S_22_00214
	--indv S_22_00215
	--indv S_22_00216
	--indv S_22_00217
	--indv S_22_00218
	--indv S_22_00219
	--indv S_22_00220
	--indv S_22_00221
	--indv S_22_00222
	--indv S_22_00223
	--indv S_22_00224
	--indv S_22_00225
	--indv S_22_00226
	--indv S_22_00227
	--indv S_22_00229
	--indv S_22_00230
	--indv S_22_00231
	--indv S_22_00232
	--indv S_22_00233
	--indv S_22_00234
	--indv S_22_00235
	--indv S_22_00237
	--indv S_22_00238
	--indv S_22_00239
	--indv S_22_00240
	--indv S_22_00242
	--indv S_22_00243
	--indv S_22_00246
	--indv S_22_00247
	--indv S_22_00248
	--indv S_22_00249
	--indv S_22_00250
	--indv S_22_00251
	--indv S_22_00252
	--indv S_22_00253
	--indv S_22_00254
	--indv S_22_00258
	--indv S_22_00261
	--indv S_22_00263
	--indv S_22_00272
	--indv S_22_00273
	--indv S_22_00274
	--indv S_22_00275
	--indv S_22_00276
	--indv S_22_00278
	--indv S_22_00279
	--indv S_22_00280
	--indv S_22_00286
	--indv S_22_00289
	--indv S_22_00297
	--indv S_22_00298
	--indv S_22_00300
	--indv S_22_00301
	--indv S_22_00302
	--indv S_22_07665
	--indv S_22_07670
	--indv S_22_07675
	--indv S_22_07680
	--indv S_22_07683
	--indv S_22_07685
	--indv S_22_07687
	--indv S_22_07689
	--indv S_22_07690
	--indv S_22_07691
	--indv S_22_07692
	--indv S_22_07694
	--indv S_22_07695
	--indv S_22_07696
	--indv S_22_07697
	--indv S_22_07698
	--indv S_22_07700
	--indv S_22_07701
	--indv S_22_07703
	--indv S_22_07705
	--indv S_22_07706
	--indv S_22_07707
	--indv S_22_07708
	--indv S_22_07711
	--indv S_22_07712
	--indv S_22_07714
	--indv S_22_08006
	--indv S_22_08008
	--indv S_22_08009
	--indv S_22_08011
	--indv S_22_08013
	--indv S_22_08015
	--indv S_22_08016
	--indv S_22_08020
	--indv S_22_08021
	--indv S_22_08022
	--indv S_22_08023
	--indv S_22_08025
	--indv S_22_08029
	--indv S_22_08030
	--indv S_22_08031
	--indv S_22_08032
	--indv S_22_08033
	--indv S_22_08035
	--indv S_22_08036
	--indv S_22_08037
	--indv S_22_08038
	--indv S_22_08039
	--indv S_22_08041
	--indv S_22_08042
	--indv S_22_08043
	--indv S_22_08044
	--indv S_22_08045
	--indv S_22_08046
	--indv S_22_08047
	--indv S_22_08048
	--indv S_22_08049
	--indv S_22_08050
	--indv S_22_08052
	--indv S_22_08053
	--indv S_22_08054
	--indv S_22_08055
	--indv S_22_08056
	--indv S_22_08059
	--indv S_22_08060
	--indv S_22_08061
	--indv S_22_08062
	--indv S_22_08067
	--indv S_22_08068
	--indv S_22_08069
	--indv S_22_08070
	--indv S_22_08071
	--indv S_22_08074
	--indv S_22_08075
	--indv S_22_08076
	--indv S_22_08077
	--indv S_22_08078
	--indv S_22_08079
	--indv S_22_08080
	--indv S_22_08081
	--indv S_22_08082
	--indv S_22_08083
	--indv S_22_08084
	--indv S_22_08085
	--indv S_22_08087
	--indv S_22_08088
	--indv S_22_08089
	--indv S_22_08090
	--indv S_22_08098
	--indv S_22_08099
	--indv S_22_08100
	--indv S_22_08101
	--indv S_22_08103
	--indv S_22_08104
	--indv S_22_08105
	--indv S_22_08106
	--indv S_22_08108
	--indv S_22_08109
	--indv S_22_08110
	--indv S_22_08111
	--indv S_22_08115
	--indv S_22_08116
	--indv S_22_08117
	--indv S_22_08118
	--indv S_22_08120
	--indv S_22_08121
	--indv S_22_08122
	--indv S_22_08124
	--indv S_22_08137
	--indv S_22_08138
	--indv S_22_08139
	--indv S_22_08140
	--indv S_22_08142
	--indv S_22_08143
	--indv S_22_08147
	--indv S_22_08149
	--indv S_22_08150
	--indv S_22_08151
	--indv S_22_08154
	--indv S_22_08155
	--indv S_22_08157
	--indv S_22_08158
	--indv S_22_08161
	--indv S_22_08162
	--indv S_22_08163
	--indv S_22_08280
	--indv S_22_08281
	--indv S_22_08282
	--indv S_22_08283
	--indv S_22_08284
	--indv S_22_08286
	--indv S_22_08287
	--indv S_22_08288
	--indv S_22_08289
	--indv S_22_08290
	--indv S_22_08291
	--indv S_22_08292
	--indv S_22_08295
	--indv S_22_08298
	--indv S_22_08301
	--indv S_22_08302
	--indv S_22_08305
	--indv S_22_08306
	--indv S_22_08308
	--indv S_22_08309
	--indv S_22_08311
	--indv S_22_08313
	--indv S_22_08314
	--indv S_22_08315
	--indv S_22_08318
	--indv S_22_08319
	--indv S_22_08322
	--indv S_22_08323
	--indv S_22_08324
	--indv S_22_08326
	--indv S_22_08327
	--indv S_22_08328
	--indv S_22_08330
	--indv S_22_08345
	--indv S_22_08346
	--indv S_22_08349
	--indv S_22_08376
	--indv S_22_09200
	--indv S_22_09201
	--indv S_22_09202
	--indv S_22_09203
	--indv S_22_09205
	--indv S_22_09206
	--indv S_22_09207
	--indv S_22_09208
	--indv S_22_09209
	--indv S_22_09210
	--indv S_22_09211
	--indv S_22_09212
	--indv S_22_09213
	--indv S_22_09214
	--indv S_22_09215
	--indv S_22_09216
	--indv S_22_09217
	--indv S_22_09218
	--indv S_22_09219
	--indv S_22_09221
	--indv S_22_09222
	--indv S_22_09225
	--indv S_22_09226
	--indv S_22_09227
	--indv S_22_09228
	--indv S_22_09229
	--indv S_22_09230
	--indv S_22_09231
	--indv S_22_09232
	--indv S_22_09233
	--indv S_22_09234
	--indv S_22_09235
	--indv S_22_09236
	--indv S_22_09237
	--indv S_22_09238
	--indv S_22_09239
	--indv S_22_09240
	--indv S_22_09242
	--indv S_22_09243
	--indv S_22_09244
	--indv S_22_09245
	--indv S_22_09246
	--indv S_22_09247
	--indv S_22_09248
	--indv S_22_09249
	--indv S_22_09250
	--indv S_22_09251
	--indv S_22_09252
	--indv S_22_09253
	--indv S_22_09254
	--indv S_22_09255
	--indv S_22_09262
	--indv S_22_09263
	--indv S_22_09264
	--indv S_22_09265
	--indv S_22_09272
	--indv S_22_09273
	--indv S_22_09274
	--indv S_22_09275
	--indv S_22_09279
	--indv S_22_09280
	--indv S_22_09281
	--indv S_22_09282
	--indv S_22_09283
	--indv S_22_09285
	--indv S_22_09286
	--indv S_22_09287
	--indv S_22_09294
	--indv S_22_09295
	--indv S_22_09296
	--indv S_22_09297
	--indv S_22_09303
	--indv S_22_09304
	--indv S_22_09305
	--indv S_22_09306
	--indv S_22_09307
	--indv S_22_09318
	--indv S_22_09320
	--indv S_22_09322
	--indv S_22_09323
	--indv S_22_09324
	--indv S_22_09325
	--indv S_22_09326
	--indv S_22_09327
	--indv S_22_09333
	--indv S_22_09334
	--indv S_22_09335
	--indv S_22_09336
	--indv S_22_09337
	--indv S_22_09342
	--indv S_22_09343
	--indv S_22_09344
	--indv S_22_09345
	--indv S_22_09352
	--indv S_22_09353
	--indv S_22_09354
	--indv S_22_09362
	--indv S_22_09363
	--indv S_22_09364
	--indv S_22_09366
	--indv S_22_09367
	--indv S_22_09368
	--indv S_22_09376
	--indv S_22_09377
	--indv S_22_09378
	--indv S_22_09386
	--indv S_22_09387
	--indv S_22_09388
	--indv S_22_09391
	--indv S_22_09400
	--indv S_22_09401
	--indv S_22_09402
	--indv S_22_09403
	--indv S_22_09409
	--indv S_22_09410_rep
	--indv S_22_09411
	--indv S_22_09412
	--indv S_22_09413
	--indv S_22_09419
	--indv S_22_09421
	--indv S_22_09422
	--indv S_22_09423
	--indv S_22_09427
	--indv S_22_09428
	--indv S_22_09430
	--indv S_22_09434
	--indv S_22_09436
	--indv S_22_09440
	--indv S_22_09444
	--indv S_22_09447
	--indv S_22_09452
	--indv S_22_09453
	--indv S_22_09454
	--indv S_22_09611
	--indv S_22_09612
	--indv S_22_09613
	--indv S_22_09614
	--indv S_22_09615
	--indv S_22_09616
	--indv S_22_09617
	--indv S_22_09618
	--indv S_22_09619
	--indv S_22_09620
	--indv S_22_09621
	--indv S_22_09622
	--indv S_22_09623
	--indv S_22_09624
	--indv S_22_09625

Keeping individuals in 'keep' list
After filtering, kept 540 out of 553 Individuals
Outputting VCF file...
After filtering, kept 169464 out of a possible 169464 Sites
Run Time = 115.00 seconds


--vcf /media/genyoda/Storage/Projets/Boreogadus_ddRADseq_2022/./00_Data/06b_Filtering.ref/A_ALL_samples/04_DP/populations.169464snps.553ind.H06.all.recode.vcf --recode --indv S_22_00001 --indv S_22_00002 --indv S_22_00003 --indv S_22_00004 --indv S_22_00005 --indv S_22_00006 --indv S_22_00007 --indv S_22_00008 --indv S_22_00009 --indv S_22_00010 --indv S_22_00011 --indv S_22_00012 --indv S_22_00014 --indv S_22_00015 --indv S_22_00016 --indv S_22_00017 --indv S_22_00018 --indv S_22_00019 --indv S_22_00020 --indv S_22_00021 --indv S_22_00024 --indv S_22_00025 --indv S_22_00026 --indv S_22_00027 --indv S_22_00028 --indv S_22_00029 --indv S_22_00030 --indv S_22_00031 --indv S_22_00032 --indv S_22_00033 --indv S_22_00034 --indv S_22_00035 --indv S_22_00036 --indv S_22_00037 --indv S_22_00038 --indv S_22_00039 --indv S_22_00040 --indv S_22_00041 --indv S_22_00042 --indv S_22_00043 --indv S_22_00044 --indv S_22_00045 --indv S_22_00046 --indv S_22_00047 --indv S_22_00048 --indv S_22_00049 --indv S_22_00050 --indv S_22_00051 --indv S_22_00052 --indv S_22_00053 --indv S_22_00054 --indv S_22_00055 --indv S_22_00056 --indv S_22_00057 --indv S_22_00058 --indv S_22_00059 --indv S_22_00060 --indv S_22_00061 --indv S_22_00062 --indv S_22_00063 --indv S_22_00064 --indv S_22_00065 --indv S_22_00066 --indv S_22_00067 --indv S_22_00068 --indv S_22_00069 --indv S_22_00070 --indv S_22_00071 --indv S_22_00072 --indv S_22_00073 --indv S_22_00074 --indv S_22_00075 --indv S_22_00076 --indv S_22_00077 --indv S_22_00078 --indv S_22_00079 --indv S_22_00080 --indv S_22_00081 --indv S_22_00082 --indv S_22_00083 --indv S_22_00084 --indv S_22_00085 --indv S_22_00086 --indv S_22_00088 --indv S_22_00089 --indv S_22_00090 --indv S_22_00091 --indv S_22_00092 --indv S_22_00093 --indv S_22_00094 --indv S_22_00095 --indv S_22_00099 --indv S_22_00100 --indv S_22_00101 --indv S_22_00102 --indv S_22_00105 --indv S_22_00107 --indv S_22_00108 --indv S_22_00109 --indv S_22_00110 --indv S_22_00112 --indv S_22_00113 --indv S_22_00115 --indv S_22_00116 --indv S_22_00117 --indv S_22_00118 --indv S_22_00119 --indv S_22_00120 --indv S_22_00121 --indv S_22_00122 --indv S_22_00123 --indv S_22_00124 --indv S_22_00125 --indv S_22_00126 --indv S_22_00127 --indv S_22_00128 --indv S_22_00129 --indv S_22_00130 --indv S_22_00131 --indv S_22_00132 --indv S_22_00133 --indv S_22_00134 --indv S_22_00135 --indv S_22_00136 --indv S_22_00137 --indv S_22_00138 --indv S_22_00139 --indv S_22_00140 --indv S_22_00141 --indv S_22_00142 --indv S_22_00143 --indv S_22_00144 --indv S_22_00145 --indv S_22_00146 --indv S_22_00148 --indv S_22_00149_rep --indv S_22_00150 --indv S_22_00151 --indv S_22_00154 --indv S_22_00156 --indv S_22_00157 --indv S_22_00161 --indv S_22_00162 --indv S_22_00163 --indv S_22_00164 --indv S_22_00165 --indv S_22_00168 --indv S_22_00169 --indv S_22_00170 --indv S_22_00171 --indv S_22_00172 --indv S_22_00174 --indv S_22_00175 --indv S_22_00176 --indv S_22_00178 --indv S_22_00179 --indv S_22_00180 --indv S_22_00181 --indv S_22_00183 --indv S_22_00185 --indv S_22_00186 --indv S_22_00187 --indv S_22_00188 --indv S_22_00189 --indv S_22_00190 --indv S_22_00191 --indv S_22_00192 --indv S_22_00193 --indv S_22_00194 --indv S_22_00195 --indv S_22_00196 --indv S_22_00197 --indv S_22_00198 --indv S_22_00199 --indv S_22_00200 --indv S_22_00202 --indv S_22_00203 --indv S_22_00205 --indv S_22_00206 --indv S_22_00207 --indv S_22_00209 --indv S_22_00210 --indv S_22_00211 --indv S_22_00212 --indv S_22_00213 --indv S_22_00214 --indv S_22_00215 --indv S_22_00216 --indv S_22_00217 --indv S_22_00218 --indv S_22_00219 --indv S_22_00220 --indv S_22_00221 --indv S_22_00222 --indv S_22_00223 --indv S_22_00224 --indv S_22_00225 --indv S_22_00226 --indv S_22_00227 --indv S_22_00229 --indv S_22_00230 --indv S_22_00231 --indv S_22_00232 --indv S_22_00233 --indv S_22_00234 --indv S_22_00235 --indv S_22_00237 --indv S_22_00238 --indv S_22_00239 --indv S_22_00240 --indv S_22_00242 --indv S_22_00243 --indv S_22_00246 --indv S_22_00247 --indv S_22_00248 --indv S_22_00249 --indv S_22_00250 --indv S_22_00251 --indv S_22_00252 --indv S_22_00253 --indv S_22_00254 --indv S_22_00258 --indv S_22_00261 --indv S_22_00263 --indv S_22_00272 --indv S_22_00273 --indv S_22_00274 --indv S_22_00275 --indv S_22_00276 --indv S_22_00278 --indv S_22_00279 --indv S_22_00280 --indv S_22_00286 --indv S_22_00289 --indv S_22_00297 --indv S_22_00298 --indv S_22_00300 --indv S_22_00301 --indv S_22_00302 --indv S_22_07665 --indv S_22_07670 --indv S_22_07675 --indv S_22_07680 --indv S_22_07683 --indv S_22_07685 --indv S_22_07687 --indv S_22_07689 --indv S_22_07690 --indv S_22_07691 --indv S_22_07692 --indv S_22_07694 --indv S_22_07695 --indv S_22_07696 --indv S_22_07697 --indv S_22_07698 --indv S_22_07700 --indv S_22_07701 --indv S_22_07703 --indv S_22_07705 --indv S_22_07706 --indv S_22_07707 --indv S_22_07708 --indv S_22_07711 --indv S_22_07712 --indv S_22_07714 --indv S_22_08006 --indv S_22_08008 --indv S_22_08009 --indv S_22_08011 --indv S_22_08013 --indv S_22_08015 --indv S_22_08016 --indv S_22_08020 --indv S_22_08021 --indv S_22_08022 --indv S_22_08023 --indv S_22_08025 --indv S_22_08029 --indv S_22_08030 --indv S_22_08031 --indv S_22_08032 --indv S_22_08033 --indv S_22_08035 --indv S_22_08036 --indv S_22_08037 --indv S_22_08038 --indv S_22_08039 --indv S_22_08041 --indv S_22_08042 --indv S_22_08043 --indv S_22_08044 --indv S_22_08045 --indv S_22_08046 --indv S_22_08047 --indv S_22_08048 --indv S_22_08049 --indv S_22_08050 --indv S_22_08052 --indv S_22_08053 --indv S_22_08054 --indv S_22_08055 --indv S_22_08056 --indv S_22_08059 --indv S_22_08060 --indv S_22_08061 --indv S_22_08062 --indv S_22_08067 --indv S_22_08068 --indv S_22_08069 --indv S_22_08070 --indv S_22_08071 --indv S_22_08074 --indv S_22_08075 --indv S_22_08076 --indv S_22_08077 --indv S_22_08078 --indv S_22_08079 --indv S_22_08080 --indv S_22_08081 --indv S_22_08082 --indv S_22_08083 --indv S_22_08084 --indv S_22_08085 --indv S_22_08087 --indv S_22_08088 --indv S_22_08089 --indv S_22_08090 --indv S_22_08098 --indv S_22_08099 --indv S_22_08100 --indv S_22_08101 --indv S_22_08103 --indv S_22_08104 --indv S_22_08105 --indv S_22_08106 --indv S_22_08108 --indv S_22_08109 --indv S_22_08110 --indv S_22_08111 --indv S_22_08115 --indv S_22_08116 --indv S_22_08117 --indv S_22_08118 --indv S_22_08120 --indv S_22_08121 --indv S_22_08122 --indv S_22_08124 --indv S_22_08137 --indv S_22_08138 --indv S_22_08139 --indv S_22_08140 --indv S_22_08142 --indv S_22_08143 --indv S_22_08147 --indv S_22_08149 --indv S_22_08150 --indv S_22_08151 --indv S_22_08154 --indv S_22_08155 --indv S_22_08157 --indv S_22_08158 --indv S_22_08161 --indv S_22_08162 --indv S_22_08163 --indv S_22_08280 --indv S_22_08281 --indv S_22_08282 --indv S_22_08283 --indv S_22_08284 --indv S_22_08286 --indv S_22_08287 --indv S_22_08288 --indv S_22_08289 --indv S_22_08290 --indv S_22_08291 --indv S_22_08292 --indv S_22_08295 --indv S_22_08298 --indv S_22_08301 --indv S_22_08302 --indv S_22_08305 --indv S_22_08306 --indv S_22_08308 --indv S_22_08309 --indv S_22_08311 --indv S_22_08313 --indv S_22_08314 --indv S_22_08315 --indv S_22_08318 --indv S_22_08319 --indv S_22_08322 --indv S_22_08323 --indv S_22_08324 --indv S_22_08326 --indv S_22_08327 --indv S_22_08328 --indv S_22_08330 --indv S_22_08345 --indv S_22_08346 --indv S_22_08349 --indv S_22_08376 --indv S_22_09200 --indv S_22_09201 --indv S_22_09202 --indv S_22_09203 --indv S_22_09205 --indv S_22_09206 --indv S_22_09207 --indv S_22_09208 --indv S_22_09209 --indv S_22_09210 --indv S_22_09211 --indv S_22_09212 --indv S_22_09213 --indv S_22_09214 --indv S_22_09215 --indv S_22_09216 --indv S_22_09217 --indv S_22_09218 --indv S_22_09219 --indv S_22_09221 --indv S_22_09222 --indv S_22_09225 --indv S_22_09226 --indv S_22_09227 --indv S_22_09228 --indv S_22_09229 --indv S_22_09230 --indv S_22_09231 --indv S_22_09232 --indv S_22_09233 --indv S_22_09234 --indv S_22_09235 --indv S_22_09236 --indv S_22_09237 --indv S_22_09238 --indv S_22_09239 --indv S_22_09240 --indv S_22_09242 --indv S_22_09243 --indv S_22_09244 --indv S_22_09245 --indv S_22_09246 --indv S_22_09247 --indv S_22_09248 --indv S_22_09249 --indv S_22_09250 --indv S_22_09251 --indv S_22_09252 --indv S_22_09253 --indv S_22_09254 --indv S_22_09255 --indv S_22_09262 --indv S_22_09263 --indv S_22_09264 --indv S_22_09265 --indv S_22_09272 --indv S_22_09273 --indv S_22_09274 --indv S_22_09275 --indv S_22_09279 --indv S_22_09280 --indv S_22_09281 --indv S_22_09282 --indv S_22_09283 --indv S_22_09285 --indv S_22_09286 --indv S_22_09287 --indv S_22_09294 --indv S_22_09295 --indv S_22_09296 --indv S_22_09297 --indv S_22_09303 --indv S_22_09304 --indv S_22_09305 --indv S_22_09306 --indv S_22_09307 --indv S_22_09318 --indv S_22_09320 --indv S_22_09322 --indv S_22_09323 --indv S_22_09324 --indv S_22_09325 --indv S_22_09326 --indv S_22_09327 --indv S_22_09333 --indv S_22_09334 --indv S_22_09335 --indv S_22_09336 --indv S_22_09337 --indv S_22_09342 --indv S_22_09343 --indv S_22_09344 --indv S_22_09345 --indv S_22_09352 --indv S_22_09353 --indv S_22_09354 --indv S_22_09362 --indv S_22_09363 --indv S_22_09364 --indv S_22_09366 --indv S_22_09367 --indv S_22_09368 --indv S_22_09376 --indv S_22_09377 --indv S_22_09378 --indv S_22_09386 --indv S_22_09387 --indv S_22_09388 --indv S_22_09391 --indv S_22_09400 --indv S_22_09401 --indv S_22_09402 --indv S_22_09403 --indv S_22_09409 --indv S_22_09410_rep --indv S_22_09411 --indv S_22_09412 --indv S_22_09413 --indv S_22_09419 --indv S_22_09421 --indv S_22_09422 --indv S_22_09423 --indv S_22_09427 --indv S_22_09428 --indv S_22_09430 --indv S_22_09434 --indv S_22_09436 --indv S_22_09440 --indv S_22_09444 --indv S_22_09447 --indv S_22_09452 --indv S_22_09453 --indv S_22_09454 --indv S_22_09611 --indv S_22_09612 --indv S_22_09613 --indv S_22_09614 --indv S_22_09615 --indv S_22_09616 --indv S_22_09617 --indv S_22_09618 --indv S_22_09619 --indv S_22_09620 --indv S_22_09621 --indv S_22_09622 --indv S_22_09623 --indv S_22_09624 --indv S_22_09625 --out /media/genyoda/Storage/Projets/Boreogadus_ddRADseq_2022/./00_Data/06b_Filtering.ref/A_ALL_samples/06_Relatedness/populations.169464snps.549indwArctogadus.H06.all



VCFtools - 0.1.16
(C) Adam Auton and Anthony Marcketta 2009

Parameters as interpreted:
	--vcf /media/genyoda/Storage/Projets/Boreogadus_ddRADseq_2022/./00_Data/06b_Filtering.ref/A_ALL_samples/04_DP/populations.169464snps.553ind.H06.all.recode.vcf
	--out /media/genyoda/Storage/Projets/Boreogadus_ddRADseq_2022/./00_Data/06b_Filtering.ref/A_ALL_samples/06_Relatedness/populations.169464snps.549indwArctogadus.H06.all
	--recode
	--indv S_22_00001
	--indv S_22_00002
	--indv S_22_00003
	--indv S_22_00004
	--indv S_22_00005
	--indv S_22_00006
	--indv S_22_00007
	--indv S_22_00008
	--indv S_22_00009
	--indv S_22_00010
	--indv S_22_00011
	--indv S_22_00012
	--indv S_22_00014
	--indv S_22_00015
	--indv S_22_00016
	--indv S_22_00017
	--indv S_22_00018
	--indv S_22_00019
	--indv S_22_00020
	--indv S_22_00021
	--indv S_22_00024
	--indv S_22_00025
	--indv S_22_00026
	--indv S_22_00027
	--indv S_22_00028
	--indv S_22_00029
	--indv S_22_00030
	--indv S_22_00031
	--indv S_22_00032
	--indv S_22_00033
	--indv S_22_00034
	--indv S_22_00035
	--indv S_22_00036
	--indv S_22_00037
	--indv S_22_00038
	--indv S_22_00039
	--indv S_22_00040
	--indv S_22_00041
	--indv S_22_00042
	--indv S_22_00043
	--indv S_22_00044
	--indv S_22_00045
	--indv S_22_00046
	--indv S_22_00047
	--indv S_22_00048
	--indv S_22_00049
	--indv S_22_00050
	--indv S_22_00051
	--indv S_22_00052
	--indv S_22_00053
	--indv S_22_00054
	--indv S_22_00055
	--indv S_22_00056
	--indv S_22_00057
	--indv S_22_00058
	--indv S_22_00059
	--indv S_22_00060
	--indv S_22_00061
	--indv S_22_00062
	--indv S_22_00063
	--indv S_22_00064
	--indv S_22_00065
	--indv S_22_00066
	--indv S_22_00067
	--indv S_22_00068
	--indv S_22_00069
	--indv S_22_00070
	--indv S_22_00071
	--indv S_22_00072
	--indv S_22_00073
	--indv S_22_00074
	--indv S_22_00075
	--indv S_22_00076
	--indv S_22_00077
	--indv S_22_00078
	--indv S_22_00079
	--indv S_22_00080
	--indv S_22_00081
	--indv S_22_00082
	--indv S_22_00083
	--indv S_22_00084
	--indv S_22_00085
	--indv S_22_00086
	--indv S_22_00088
	--indv S_22_00089
	--indv S_22_00090
	--indv S_22_00091
	--indv S_22_00092
	--indv S_22_00093
	--indv S_22_00094
	--indv S_22_00095
	--indv S_22_00099
	--indv S_22_00100
	--indv S_22_00101
	--indv S_22_00102
	--indv S_22_00105
	--indv S_22_00107
	--indv S_22_00108
	--indv S_22_00109
	--indv S_22_00110
	--indv S_22_00112
	--indv S_22_00113
	--indv S_22_00115
	--indv S_22_00116
	--indv S_22_00117
	--indv S_22_00118
	--indv S_22_00119
	--indv S_22_00120
	--indv S_22_00121
	--indv S_22_00122
	--indv S_22_00123
	--indv S_22_00124
	--indv S_22_00125
	--indv S_22_00126
	--indv S_22_00127
	--indv S_22_00128
	--indv S_22_00129
	--indv S_22_00130
	--indv S_22_00131
	--indv S_22_00132
	--indv S_22_00133
	--indv S_22_00134
	--indv S_22_00135
	--indv S_22_00136
	--indv S_22_00137
	--indv S_22_00138
	--indv S_22_00139
	--indv S_22_00140
	--indv S_22_00141
	--indv S_22_00142
	--indv S_22_00143
	--indv S_22_00144
	--indv S_22_00145
	--indv S_22_00146
	--indv S_22_00148
	--indv S_22_00149_rep
	--indv S_22_00150
	--indv S_22_00151
	--indv S_22_00154
	--indv S_22_00156
	--indv S_22_00157
	--indv S_22_00161
	--indv S_22_00162
	--indv S_22_00163
	--indv S_22_00164
	--indv S_22_00165
	--indv S_22_00168
	--indv S_22_00169
	--indv S_22_00170
	--indv S_22_00171
	--indv S_22_00172
	--indv S_22_00174
	--indv S_22_00175
	--indv S_22_00176
	--indv S_22_00178
	--indv S_22_00179
	--indv S_22_00180
	--indv S_22_00181
	--indv S_22_00183
	--indv S_22_00185
	--indv S_22_00186
	--indv S_22_00187
	--indv S_22_00188
	--indv S_22_00189
	--indv S_22_00190
	--indv S_22_00191
	--indv S_22_00192
	--indv S_22_00193
	--indv S_22_00194
	--indv S_22_00195
	--indv S_22_00196
	--indv S_22_00197
	--indv S_22_00198
	--indv S_22_00199
	--indv S_22_00200
	--indv S_22_00202
	--indv S_22_00203
	--indv S_22_00205
	--indv S_22_00206
	--indv S_22_00207
	--indv S_22_00209
	--indv S_22_00210
	--indv S_22_00211
	--indv S_22_00212
	--indv S_22_00213
	--indv S_22_00214
	--indv S_22_00215
	--indv S_22_00216
	--indv S_22_00217
	--indv S_22_00218
	--indv S_22_00219
	--indv S_22_00220
	--indv S_22_00221
	--indv S_22_00222
	--indv S_22_00223
	--indv S_22_00224
	--indv S_22_00225
	--indv S_22_00226
	--indv S_22_00227
	--indv S_22_00229
	--indv S_22_00230
	--indv S_22_00231
	--indv S_22_00232
	--indv S_22_00233
	--indv S_22_00234
	--indv S_22_00235
	--indv S_22_00237
	--indv S_22_00238
	--indv S_22_00239
	--indv S_22_00240
	--indv S_22_00242
	--indv S_22_00243
	--indv S_22_00246
	--indv S_22_00247
	--indv S_22_00248
	--indv S_22_00249
	--indv S_22_00250
	--indv S_22_00251
	--indv S_22_00252
	--indv S_22_00253
	--indv S_22_00254
	--indv S_22_00258
	--indv S_22_00261
	--indv S_22_00263
	--indv S_22_00272
	--indv S_22_00273
	--indv S_22_00274
	--indv S_22_00275
	--indv S_22_00276
	--indv S_22_00278
	--indv S_22_00279
	--indv S_22_00280
	--indv S_22_00286
	--indv S_22_00289
	--indv S_22_00297
	--indv S_22_00298
	--indv S_22_00300
	--indv S_22_00301
	--indv S_22_00302
	--indv S_22_07665
	--indv S_22_07670
	--indv S_22_07675
	--indv S_22_07680
	--indv S_22_07683
	--indv S_22_07685
	--indv S_22_07687
	--indv S_22_07689
	--indv S_22_07690
	--indv S_22_07691
	--indv S_22_07692
	--indv S_22_07694
	--indv S_22_07695
	--indv S_22_07696
	--indv S_22_07697
	--indv S_22_07698
	--indv S_22_07700
	--indv S_22_07701
	--indv S_22_07703
	--indv S_22_07705
	--indv S_22_07706
	--indv S_22_07707
	--indv S_22_07708
	--indv S_22_07711
	--indv S_22_07712
	--indv S_22_07714
	--indv S_22_08006
	--indv S_22_08008
	--indv S_22_08009
	--indv S_22_08011
	--indv S_22_08013
	--indv S_22_08015
	--indv S_22_08016
	--indv S_22_08020
	--indv S_22_08021
	--indv S_22_08022
	--indv S_22_08023
	--indv S_22_08025
	--indv S_22_08029
	--indv S_22_08030
	--indv S_22_08031
	--indv S_22_08032
	--indv S_22_08033
	--indv S_22_08035
	--indv S_22_08036
	--indv S_22_08037
	--indv S_22_08038
	--indv S_22_08039
	--indv S_22_08041
	--indv S_22_08042
	--indv S_22_08043
	--indv S_22_08044
	--indv S_22_08045
	--indv S_22_08046
	--indv S_22_08047
	--indv S_22_08048
	--indv S_22_08049
	--indv S_22_08050
	--indv S_22_08052
	--indv S_22_08053
	--indv S_22_08054
	--indv S_22_08055
	--indv S_22_08056
	--indv S_22_08059
	--indv S_22_08060
	--indv S_22_08061
	--indv S_22_08062
	--indv S_22_08067
	--indv S_22_08068
	--indv S_22_08069
	--indv S_22_08070
	--indv S_22_08071
	--indv S_22_08074
	--indv S_22_08075
	--indv S_22_08076
	--indv S_22_08077
	--indv S_22_08078
	--indv S_22_08079
	--indv S_22_08080
	--indv S_22_08081
	--indv S_22_08082
	--indv S_22_08083
	--indv S_22_08084
	--indv S_22_08085
	--indv S_22_08087
	--indv S_22_08088
	--indv S_22_08089
	--indv S_22_08090
	--indv S_22_08098
	--indv S_22_08099
	--indv S_22_08100
	--indv S_22_08101
	--indv S_22_08103
	--indv S_22_08104
	--indv S_22_08105
	--indv S_22_08106
	--indv S_22_08108
	--indv S_22_08109
	--indv S_22_08110
	--indv S_22_08111
	--indv S_22_08115
	--indv S_22_08116
	--indv S_22_08117
	--indv S_22_08118
	--indv S_22_08120
	--indv S_22_08121
	--indv S_22_08122
	--indv S_22_08124
	--indv S_22_08137
	--indv S_22_08138
	--indv S_22_08139
	--indv S_22_08140
	--indv S_22_08142
	--indv S_22_08143
	--indv S_22_08147
	--indv S_22_08149
	--indv S_22_08150
	--indv S_22_08151
	--indv S_22_08154
	--indv S_22_08155
	--indv S_22_08157
	--indv S_22_08158
	--indv S_22_08161
	--indv S_22_08162
	--indv S_22_08163
	--indv S_22_08280
	--indv S_22_08281
	--indv S_22_08282
	--indv S_22_08283
	--indv S_22_08284
	--indv S_22_08286
	--indv S_22_08287
	--indv S_22_08288
	--indv S_22_08289
	--indv S_22_08290
	--indv S_22_08291
	--indv S_22_08292
	--indv S_22_08295
	--indv S_22_08298
	--indv S_22_08301
	--indv S_22_08302
	--indv S_22_08305
	--indv S_22_08306
	--indv S_22_08308
	--indv S_22_08309
	--indv S_22_08311
	--indv S_22_08313
	--indv S_22_08314
	--indv S_22_08315
	--indv S_22_08318
	--indv S_22_08319
	--indv S_22_08322
	--indv S_22_08323
	--indv S_22_08324
	--indv S_22_08326
	--indv S_22_08327
	--indv S_22_08328
	--indv S_22_08330
	--indv S_22_08345
	--indv S_22_08346
	--indv S_22_08349
	--indv S_22_08376
	--indv S_22_09200
	--indv S_22_09201
	--indv S_22_09202
	--indv S_22_09203
	--indv S_22_09205
	--indv S_22_09206
	--indv S_22_09207
	--indv S_22_09208
	--indv S_22_09209
	--indv S_22_09210
	--indv S_22_09211
	--indv S_22_09212
	--indv S_22_09213
	--indv S_22_09214
	--indv S_22_09215
	--indv S_22_09216
	--indv S_22_09217
	--indv S_22_09218
	--indv S_22_09219
	--indv S_22_09221
	--indv S_22_09222
	--indv S_22_09225
	--indv S_22_09226
	--indv S_22_09227
	--indv S_22_09228
	--indv S_22_09229
	--indv S_22_09230
	--indv S_22_09231
	--indv S_22_09232
	--indv S_22_09233
	--indv S_22_09234
	--indv S_22_09235
	--indv S_22_09236
	--indv S_22_09237
	--indv S_22_09238
	--indv S_22_09239
	--indv S_22_09240
	--indv S_22_09242
	--indv S_22_09243
	--indv S_22_09244
	--indv S_22_09245
	--indv S_22_09246
	--indv S_22_09247
	--indv S_22_09248
	--indv S_22_09249
	--indv S_22_09250
	--indv S_22_09251
	--indv S_22_09252
	--indv S_22_09253
	--indv S_22_09254
	--indv S_22_09255
	--indv S_22_09262
	--indv S_22_09263
	--indv S_22_09264
	--indv S_22_09265
	--indv S_22_09272
	--indv S_22_09273
	--indv S_22_09274
	--indv S_22_09275
	--indv S_22_09279
	--indv S_22_09280
	--indv S_22_09281
	--indv S_22_09282
	--indv S_22_09283
	--indv S_22_09285
	--indv S_22_09286
	--indv S_22_09287
	--indv S_22_09294
	--indv S_22_09295
	--indv S_22_09296
	--indv S_22_09297
	--indv S_22_09303
	--indv S_22_09304
	--indv S_22_09305
	--indv S_22_09306
	--indv S_22_09307
	--indv S_22_09318
	--indv S_22_09320
	--indv S_22_09322
	--indv S_22_09323
	--indv S_22_09324
	--indv S_22_09325
	--indv S_22_09326
	--indv S_22_09327
	--indv S_22_09333
	--indv S_22_09334
	--indv S_22_09335
	--indv S_22_09336
	--indv S_22_09337
	--indv S_22_09342
	--indv S_22_09343
	--indv S_22_09344
	--indv S_22_09345
	--indv S_22_09352
	--indv S_22_09353
	--indv S_22_09354
	--indv S_22_09362
	--indv S_22_09363
	--indv S_22_09364
	--indv S_22_09366
	--indv S_22_09367
	--indv S_22_09368
	--indv S_22_09376
	--indv S_22_09377
	--indv S_22_09378
	--indv S_22_09386
	--indv S_22_09387
	--indv S_22_09388
	--indv S_22_09391
	--indv S_22_09400
	--indv S_22_09401
	--indv S_22_09402
	--indv S_22_09403
	--indv S_22_09409
	--indv S_22_09410_rep
	--indv S_22_09411
	--indv S_22_09412
	--indv S_22_09413
	--indv S_22_09419
	--indv S_22_09421
	--indv S_22_09422
	--indv S_22_09423
	--indv S_22_09427
	--indv S_22_09428
	--indv S_22_09430
	--indv S_22_09434
	--indv S_22_09436
	--indv S_22_09440
	--indv S_22_09444
	--indv S_22_09447
	--indv S_22_09452
	--indv S_22_09453
	--indv S_22_09454
	--indv S_22_09611
	--indv S_22_09612
	--indv S_22_09613
	--indv S_22_09614
	--indv S_22_09615
	--indv S_22_09616
	--indv S_22_09617
	--indv S_22_09618
	--indv S_22_09619
	--indv S_22_09620
	--indv S_22_09621
	--indv S_22_09622
	--indv S_22_09623
	--indv S_22_09624
	--indv S_22_09625

Keeping individuals in 'keep' list
After filtering, kept 549 out of 553 Individuals
Outputting VCF file...
After filtering, kept 169464 out of a possible 169464 Sites
Run Time = 123.00 seconds
